[0;34m========================================[0m
[0;34mLoading Gotabaya Rajapaksa Secretary Appointments[0m
[0;34m========================================[0m
Processing secretary transactions from directory: /home/isuru/office-projects/v1/orgchart_nexoan/data/people/Secretary/Gotabaya Rajapaksa/2019-12-16/2154-05
Processing secretary appointments...
Found 1 secretary CSV files

Processing: 2154-05
  ✗ Failed: Minister of Tourism and Civil Aviation → S. M. Mohamed: failed to search for minister: unexpected status code: 400
  ✓ Created: Minister of Roads and Highways appoints R. W. R. Pemasiri
  ✓ Created: Minister of Finance, Economic and Policy Development appoints S. R. Attygalle
  ✓ Created: Minister of Justice, Human Rights & Law Reforms appoints J. J. Rathnasiri
  ✓ Created: Minister of Plantation Industries and Export Agriculture appoints Ravindra Hewavitharana
  ✓ Created: Minister of Industries and Supply Chain Management appoints J. A. Ranjith
  ✓ Created: Minister of Higher Education, Technology and Innovation appoints D. M. A. R. B. Dissanayake
  ✓ Created: Minister of Transport Services Management appoints H. M. Gamini Seneviratne
  ✓ Created: Minister of Sports and Youth Affairs appoints K. D. S. Ruwanchandra
  ✓ Created: Minister of Information and Communication Technology appoints W. A. Chulananda Perera
  ✓ Created: Minister of Power & Energy appoints Wasantha Perera
  ✓ Created: Minister of Ports and Shipping appoints M. M. P. K. Mayadunne
  ✓ Created: Minister of Public Administration, Home Affairs, Provincial Councils & Local Government appoints S. Hettiarachchi
  ✓ Created: Minister of Foreign Relations appoints R. P. Aryasinghe
  ✓ Created: Minister of Women & Child Affairs and Social Security appoints A. S. M. S. Mahanama
  ✓ Created: Minister of Environment and Wildlife Resources appoints J. M. C. Jayanthi Wijetunga
  ✓ Created: Minister of Lands & Land Development appoints R. A. A. K. Ranawaka
  ✓ Created: Minister of Skills Development, Employment and Labour Relations appoints D. M. S. Abeygunawardana
  ✓ Created: Minister of Education appoints N. H. M. Chithrananda
  ✓ Created: Minister of Industrial Export and Investment Promotion appoints M. P. D. U. K. Mapa Pathirana
  ✓ Created: Minister of Fisheries & Aquatic Resources appoints R. M. I. Rathnayake
  ✓ Created: Minister of Mahaweli, Agriculture, Irrigation and Rural Development appoints H. K. D. W. M. N. B. Hapuhinna
  ✓ Created: Minister of Buddhasasana, Cultural and Religious Affairs appoints M. K. B. Harishchandra
  ✓ Created: Minister of Healthcare and Indigenous Medical Services appoints P. S. M. Charles
  ✓ Created: Minister of Community Empowerment and Estate Infrastructure Development appoints D. P. G. Kumarasiri
  ✓ Created: Minister of Small & Medium Business and Enterprise Development appoints N. B. Monti Ranatunga
  ✓ Created: Minister of Urban Development, Water Supply and Housing Facilities appoints Priyath Bandu Wickrema

======================================================================
Secretary Appointment Processing Summary:
- Total appointments found:   27
- Successfully processed:     26 ✓
- Failed:                     1 ✗
======================================================================
Successfully processed all transactions
Processing secretary transactions from directory: /home/isuru/office-projects/v1/orgchart_nexoan/data/people/Secretary/Gotabaya Rajapaksa/2020-01-14/2158-19
Processing secretary appointments...
Found 1 secretary CSV files

Processing: 2158-19
  ✓ Created: Minister of Internal Trade, Food Security and Consumer Welfare appoints G. K. S. L. Rajadasa

======================================================================
Secretary Appointment Processing Summary:
- Total appointments found:   1
- Successfully processed:     1 ✓
- Failed:                     0 ✗
======================================================================
Successfully processed all transactions
Processing secretary transactions from directory: /home/isuru/office-projects/v1/orgchart_nexoan/data/people/Secretary/Gotabaya Rajapaksa/2020-01-24/2159-42
Processing secretary appointments...
Found 1 secretary CSV files

Processing: 2159-42
  ✓ Created: Minister of Healthcare and Indigenous Medical Services appoints J. M. B. Jayawardana

======================================================================
Secretary Appointment Processing Summary:
- Total appointments found:   1
- Successfully processed:     1 ✓
- Failed:                     0 ✗
======================================================================
Successfully processed all transactions
Processing secretary transactions from directory: /home/isuru/office-projects/v1/orgchart_nexoan/data/people/Secretary/Gotabaya Rajapaksa/2020-02-11/2162-62
Processing secretary appointments...
Found 1 secretary CSV files

Processing: 2162-62
  ✓ Created: State Minister of Internal Trade and Consumer Welfare appoints B. M. N. Balasooriya
  ✓ Created: State Minister of Housing appoints S. T. Kodikara

======================================================================
Secretary Appointment Processing Summary:
- Total appointments found:   2
- Successfully processed:     2 ✓
- Failed:                     0 ✗
======================================================================
Successfully processed all transactions
Processing secretary transactions from directory: /home/isuru/office-projects/v1/orgchart_nexoan/data/people/Secretary/Gotabaya Rajapaksa/2020-02-14/2162-63
Processing secretary appointments...
Found 1 secretary CSV files

Processing: 2162-63
  ✓ Created: Minister of Environment and Wildlife Resources appoints A. H. Sarath Wijesinghe

======================================================================
Secretary Appointment Processing Summary:
- Total appointments found:   1
- Successfully processed:     1 ✓
- Failed:                     0 ✗
======================================================================
Successfully processed all transactions
Processing secretary transactions from directory: /home/isuru/office-projects/v1/orgchart_nexoan/data/people/Secretary/Gotabaya Rajapaksa/2020-05-26/2177-07
Processing secretary appointments...
Found 1 secretary CSV files

Processing: 2177-07
  ✓ Created: Minister of Justice, Human Rights & Law Reforms appoints S. M. Mohamed
  ✓ Created: Minister of Public Administration, Home Affairs, Provincial Councils & Local Government appoints J. J. Rathnasiri
  ✓ Created: Minister of Tourism and Civil Aviation appoints S. Hettiarachchi
  ✓ Created: Minister of Internal Trade, Food Security and Consumer Welfare appoints J. M. B. Jayawardana
  ✓ Created: Minister of Women & Child Affairs and Social Security appoints H. K. D. W. M. N. B. Hapuhinna
  ✓ Created: Minister of Healthcare and Indigenous Medical Services appoints Sanjeewa Munasinghe
  ✓ Created: Minister of Mahaweli, Agriculture, Irrigation and Rural Development appoints A. K. S. Perera

======================================================================
Secretary Appointment Processing Summary:
- Total appointments found:   7
- Successfully processed:     7 ✓
- Failed:                     0 ✗
======================================================================
Successfully processed all transactions
Processing secretary transactions from directory: /home/isuru/office-projects/v1/orgchart_nexoan/data/people/Secretary/Gotabaya Rajapaksa/2020-08-13/2188-45
Processing secretary appointments...
Found 1 secretary CSV files

Processing: 2188-45
  ✓ Created: Minister of Highways appoints R. W. R. Pemasiri
  ✓ Created: Minister of Public Services, Provincial Councils and Local Government appoints J. J. Rathnasiri
  ✓ Created: Minister of Mass Media appoints Jagath P. Wijeweera
  ✓ Created: Minister of Plantation appoints Ravindra Hewavitharana
  ✓ Created: Minister of Irrigation appoints D. M. Anura Dissanayake
  ✓ Created: Minister of Industries appoints W. A. Chulananda Perera
  ✓ Created: Minister of Power appoints Wasantha Perera
  ✓ Created: Minister of Justice appoints M. M. P. K. Mayadunne
  ✓ Created: Minister of Tourism appoints S. Hettiarachchi
  ✓ Created: Minister of Finance appoints S. R. Attygalle
  ✓ Created: Minister of Lands appoints R. A. A. K. Ranawaka
  ✓ Created: Minister of Labour appoints M. P. D. U. K. Mapa Pathirana
  ✓ Created: Minister of Fisheries appoints R. M. I. Rathnayake
  ✓ Created: Minister of Wildlife and Forest Conservation appoints M. K. B. Harishchandra
  ✓ Created: Minister of Transport appoints N. B. Monti Ranatunga
  ✓ Created: Minister of Water Supply appoints Priyath Bandu Wickrema
  ✓ Created: Minister of Trade appoints J. M. B. Jayawardana
  ✓ Created: Minister of Health appoints Sanjeewa Munasinghe
  ✓ Created: Minister of Agriculture appoints A. K. Sumedha Perera
  ✓ Created: Minister of Ports and Shipping appoints U. D. C. Jayalal
  ✓ Created: Minister of Youth and Sports appoints Anuradha Wijekoon
  ✓ Created: Minister of Energy appoints K. D. R. Olga
  ✓ Created: Minister of Environment appoints Anil Jasingha
  ✓ Created: Minister of Education appoints Kapila Perera
  ✓ Created: Minister of Buddha Sasana, Religious and Cultural Affairs appoints Kapila Gunawardana
  ✓ Created: Foreign Minister appoints Jayanath Colombage
  ✓ Created: Minister of Urban Development and Housing appoints Sirinimal Perera

======================================================================
Secretary Appointment Processing Summary:
- Total appointments found:   27
- Successfully processed:     27 ✓
- Failed:                     0 ✗
======================================================================
Successfully processed all transactions
Processing secretary transactions from directory: /home/isuru/office-projects/v1/orgchart_nexoan/data/people/Secretary/Gotabaya Rajapaksa/2020-08-24/2190-13
Processing secretary appointments...
Found 1 secretary CSV files

Processing: 2190-13
  ✓ Created: State Minister of Money and Capital Market and State Enterprise Reforms appoints R. M. A. Rathnayaka
  ✓ Created: State Minister of Samurdhi, Household Economy, Micro Finance, Self Employment, Business Development and Underutilized State Resources Development appoints H. K. D. W. M. N. B. Hapuhinna
  ✓ Created: State Minister of National Heritage, Performing Arts and Rural Arts Promotion appoints S. T. Kodikara
  ✓ Created: State Minister of Rural Housing, Construction and Building Material Industries appoints Keerthi Ranjith Abeysiriwardana
  ✓ Created: State Minister of Estate Housing and Community Infrastructure appoints D. P. G. Kumarasiri
  ✓ Created: State Minister of Prison Reforms and Prisoners' Rehabilitation appoints G. C. Karunarathna
  ✓ Created: State Minister of Women and Child Development, Pre-schools and Primary Education, School Infrastructure and Education Services appoints K. M. S. D. Jayasekara
  ✓ Created: State Minister of Education Reforms, Open Universities and Distance Learning Promotion appoints M. Upali Sedara
  ✓ Created: State Minister of Skills Development, Vocational Education, Research and Innovation appoints N. H. M. Chithrananda
  ✓ Created: State Minister of Dhamma Schools, Bhikkhu Education, Piriven and Buddhist Universities appoints S. H. Harischandra
  ✓ Created: State Minister of Production, Supply and Regulation of Pharmaceuticals appoints K. R. Uduwavala
  ✓ Created: State Minister of Indigenous Medicine Promotion, Rural and Ayurvedic Hospitals Development and Community Health appoints A. K. W. W. M. N. K. Weerasekara
  ✓ Created: State Minister of Foreign Employment Promotion and Market Diversification appoints S. Arumeinayagam
  ✓ Created: State Minister of Wildlife Protection, Adoption of safety measures including the construction of electrical fences and trenches and reforestation and forest resource development appoints W. P. P. Fernando
  ✓ Created: State Minister of Paddy and Grains, Organic Food, Vegetables, Fruits, Chilies, Onion and Potato Cultivation Promotion, Seed Production and Advanced Technology Agriculture appoints L. L. A. Wijesiri
  ✓ Created: State Minister of Production and Supply of Fertilizer and Regulation of Chemical Fertilizer and Insecticide Use appoints M. N. Ranasinghe
  ✓ Created: State Minister of Livestock, Farm Promotion and Dairy and Egg Related Industries appoints S. Senanayaka
  ✓ Created: State Minister of Canals and Common Infrastructure Development in Settlements in Mahaweli Zones appoints W. B. Palugaswewa
  ✓ Created: State Minister of Tanks, Reservoirs and Irrigation Development Related to Rural Paddy Fields appoints D. D. Ariyarathna
  ✓ Created: State Minister of Land Management, State Enterprises Land and Property Development appoints S. D. A. B. Boralessa
  ✓ Created: State Minister of Ornamental Fish, Inland Fish and Prawn Farming, Fishery Harbour Development, Multiday Fishing Activities and Fish Exports appoints Jayantha Chandrasoma
  ✓ Created: State Minister of Company Estate Reforms, Tea Estates related Crops, Tea Factories Modernization and Tea Export Promotion appoints J. M. Thilakaratne Banda
  ✓ Created: State Minister of Coconut, Kithul, Palmyrah and Rubber Cultivation Promotion and Related Industrial Product Manufacturing and Export Diversification appoints Tissa Hewavithana
  ✓ Created: State Minister of Development of Minor Crops Plantation including Sugarcane, Maize, Cashew, Pepper, Cinnamon, Cloves, Betel Related Industries and Export Promotion appoints D. L. P. R. Abhayarathna
  ✓ Created: State Minister of Rural and Divisional Drinking Water Supply Projects Development appoints S. G. Wijayabandu
  ✓ Created: State Minister of Solar, Wind and Hydro Power Generation Projects Development appoints K. H. D. K. Samarakoon
  ✓ Created: State Minister of Warehouse Facilities, Container Yards, Port Supply Facilities and Boats and Shipping Industry Development appoints D. D. Matharaarachchi
  ✓ Created: State Minister of Rural Roads and other Infrastructure appoints Ranjith Dissanayake
  ✓ Created: State Minister of Vehicle Regulation, Bus Transport Services and Train Compartments and Motor Car Industry appoints S. M. D. L. K. De Alwis
  ✓ Created: State Minister of Rural and School Sports Infrastructure Improvement appoints K. H. Ravindra Samarawickrema
  ✓ Created: State Minister of Aviation and Export Zones Development appoints M. Dewasurendra
  ✓ Created: State Minister of Cooperative Services, Marketing Development and Consumer Protection appoints K. D. S. Ruwanchandra
  ✓ Created: State Minister of Batik, Handloom and Local Apparel Products appoints R. Sunethra Gunawardana
  ✓ Created: State Minister of Rattan, Brass, Pottery, Furniture and Rural Industrial Promotion appoints M. A. B. V. Bandaranayake
  ✓ Created: State Minister of Postal Services and Professional Development of Journalists appoints A. Senanayaka

======================================================================
Secretary Appointment Processing Summary:
- Total appointments found:   35
- Successfully processed:     35 ✓
- Failed:                     0 ✗
======================================================================
Successfully processed all transactions
Processing secretary transactions from directory: /home/isuru/office-projects/v1/orgchart_nexoan/data/people/Secretary/Gotabaya Rajapaksa/2020-12-08/2205-06
Processing secretary appointments...
Found 1 secretary CSV files

Processing: 2205-06
  ✓ Created: Minister of Technology appoints Jayantha de Silva

======================================================================
Secretary Appointment Processing Summary:
- Total appointments found:   1
- Successfully processed:     1 ✓
- Failed:                     0 ✗
======================================================================
Successfully processed all transactions
Processing secretary transactions from directory: /home/isuru/office-projects/v1/orgchart_nexoan/data/people/Secretary/Gotabaya Rajapaksa/2020-12-11/2205-15
Processing secretary appointments...
Found 1 secretary CSV files

Processing: 2205-15
  ✓ Created: State Minister of National Security, Home Affairs and Disaster Management appoints Kamal Gunaratna
  ✓ Created: State Minister of Provincial Councils and Local Government appoints N. H. M. Chithrananda
  ✓ Created: State Minister of Samurdhi, Household Economy, Micro Finance, Self Employment and Business Development appoints H. K. D. W. M. N. B. Hapuhinna
  ✓ Created: State Minister of Dhamma Schools, Pirivenas and Bhikkhu Education appoints S. H. Harischandra
  ✓ Created: State Minister of Backward Rural Areas Development and Promotion of Domestic Animal Husbandry and Minor Economic Crop Cultivation appoints A. Senanayaka
  ✓ Created: State Minister of Gem and Jewellery related Industries appoints S. M. Piyatissa
  ✓ Created: State Minister of Skills Development, Vocational Education, Research and Innovation appoints P. W. Rajapaksa
  ✓ Created: State Minister of Primary Health Care, Epidemics and COVID Disease Control appoints Amal Harsha de Silva

======================================================================
Secretary Appointment Processing Summary:
- Total appointments found:   8
- Successfully processed:     8 ✓
- Failed:                     0 ✗
======================================================================
Successfully processed all transactions
Processing secretary transactions from directory: /home/isuru/office-projects/v1/orgchart_nexoan/data/people/Secretary/Gotabaya Rajapaksa/2020-12-16/2206-14
Processing secretary appointments...
Found 1 secretary CSV files

Processing: 2206-14
  ✓ Created: Minister of Public Security appoints Jagath Alwis

======================================================================
Secretary Appointment Processing Summary:
- Total appointments found:   1
- Successfully processed:     1 ✓
- Failed:                     0 ✗
======================================================================
Successfully processed all transactions
Processing secretary transactions from directory: /home/isuru/office-projects/v1/orgchart_nexoan/data/people/Secretary/Gotabaya Rajapaksa/2021-03-16/2219-33
Processing secretary appointments...
Found 1 secretary CSV files

Processing: 2219-33
  ✓ Created: Minister of Agriculture appoints M. B. R. Pushpakumara
  ✓ Created: Minister of Wildlife and Forest Conservation appoints Somaratna Vidanapathirana
  ✓ Created: State Minister of Provincial Councils and Local Government appoints S. D. A. B. Boralessa
  ✓ Created: State Minister of National Security and Disaster Management appoints Kamal Gunaratna
  ✓ Created: State Minister of Home Affairs appoints N. H. M. Chithrananda
  ✓ Created: State Minister of Regional Cooperation appoints A. Senanayaka
  ✓ Created: State Minister of Primary Health Care, Epidemics and COVID Disease Control appoints R. Sunethra Gunawardana
  ✓ Created: State Minister of Backward Rural Areas Development and Promotion of Domestic Animal Husbandry and Minor Economic Crop Cultivation appoints Amal Harsha de Silva
  ✓ Created: State Minister of Batik, Handloom and Local Apparel Products appoints B. L. A. J. Dharmakeerthi
  ✓ Created: State Minister of National Heritage, Performing Arts and Rural Arts Promotion appoints K. A. D. R. Nishanthi Jayasingha

======================================================================
Secretary Appointment Processing Summary:
- Total appointments found:   10
- Successfully processed:     10 ✓
- Failed:                     0 ✗
======================================================================
Successfully processed all transactions
Processing secretary transactions from directory: /home/isuru/office-projects/v1/orgchart_nexoan/data/people/Secretary/Gotabaya Rajapaksa/2021-05-04/2226-21
Processing secretary appointments...
Found 1 secretary CSV files

Processing: 2226-21
  ✓ Created: State Minister of Production, Supply and Regulation of Pharmaceuticals appoints R. M. Saman Kusumsiri Rathnayake

======================================================================
Secretary Appointment Processing Summary:
- Total appointments found:   1
- Successfully processed:     1 ✓
- Failed:                     0 ✗
======================================================================
Successfully processed all transactions
Processing secretary transactions from directory: /home/isuru/office-projects/v1/orgchart_nexoan/data/people/Secretary/Gotabaya Rajapaksa/2021-05-07/2226-61
Processing secretary appointments...
Found 1 secretary CSV files

Processing: 2226-61
  ✓ Created: State Minister of Canals and Common Infrastructure Development in Settlements in Mahaweli Zones appoints R. M. C. M. Herath

======================================================================
Secretary Appointment Processing Summary:
- Total appointments found:   1
- Successfully processed:     1 ✓
- Failed:                     0 ✗
======================================================================
Successfully processed all transactions
Processing secretary transactions from directory: /home/isuru/office-projects/v1/orgchart_nexoan/data/people/Secretary/Gotabaya Rajapaksa/2021-05-17/2228-11
Processing secretary appointments...
Found 1 secretary CSV files

Processing: 2228-11
  ✓ Created: State Minister of Community Police Services appoints  S. T. Kodikara

======================================================================
Secretary Appointment Processing Summary:
- Total appointments found:   1
- Successfully processed:     1 ✓
- Failed:                     0 ✗
======================================================================
Successfully processed all transactions
Processing secretary transactions from directory: /home/isuru/office-projects/v1/orgchart_nexoan/data/people/Secretary/Gotabaya Rajapaksa/2021-06-04/2190-13
Processing secretary appointments...
Found 1 secretary CSV files

Processing: 2190-13
  ✓ Created: State Minister of Tanks, Reservoirs and Irrigation Development Related to Rural Paddy Fields appoints K. W. Ivan de Silva

======================================================================
Secretary Appointment Processing Summary:
- Total appointments found:   1
- Successfully processed:     1 ✓
- Failed:                     0 ✗
======================================================================
Successfully processed all transactions
Processing secretary transactions from directory: /home/isuru/office-projects/v1/orgchart_nexoan/data/people/Secretary/Gotabaya Rajapaksa/2021-06-11/2231-15
Processing secretary appointments...
Found 1 secretary CSV files

Processing: 2231-15
  ✓ Created: Minister of Agriculture appoints J. M. Uditha K. Jayasinghe

======================================================================
Secretary Appointment Processing Summary:
- Total appointments found:   1
- Successfully processed:     1 ✓
- Failed:                     0 ✗
======================================================================
Successfully processed all transactions
Processing secretary transactions from directory: /home/isuru/office-projects/v1/orgchart_nexoan/data/people/Secretary/Gotabaya Rajapaksa/2021-06-11/2231-22
Processing secretary appointments...
Found 1 secretary CSV files

Processing: 2231-22
  ✓ Created: State Minister of Skills Development, Vocational Education, Research and Innovation appoints Deepa Liyanage

======================================================================
Secretary Appointment Processing Summary:
- Total appointments found:   1
- Successfully processed:     1 ✓
- Failed:                     0 ✗
======================================================================
Successfully processed all transactions
Processing secretary transactions from directory: /home/isuru/office-projects/v1/orgchart_nexoan/data/people/Secretary/Gotabaya Rajapaksa/2021-07-07/2235-37
Processing secretary appointments...
Found 1 secretary CSV files

Processing: 2235-37
  ✓ Created: Minister of Industries appoints Daya Rathnayaka

======================================================================
Secretary Appointment Processing Summary:
- Total appointments found:   1
- Successfully processed:     1 ✓
- Failed:                     0 ✗
======================================================================
Successfully processed all transactions
Processing secretary transactions from directory: /home/isuru/office-projects/v1/orgchart_nexoan/data/people/Secretary/Gotabaya Rajapaksa/2021-08-26/2242-4
Processing secretary appointments...
Found 1 secretary CSV files

Processing: 2242-4
  ✓ Created: Minister of Development Co-ordination and Monitoring appoints W. H. Karunarathna

======================================================================
Secretary Appointment Processing Summary:
- Total appointments found:   1
- Successfully processed:     1 ✓
- Failed:                     0 ✗
======================================================================
Successfully processed all transactions
Processing secretary transactions from directory: /home/isuru/office-projects/v1/orgchart_nexoan/data/people/Secretary/Gotabaya Rajapaksa/2021-10-08/2248-58
Processing secretary appointments...
Found 1 secretary CSV files

Processing: 2248-58
  ✓ Created: State Minister of Foreign Employment Promotion and Market Diversification appoints M. B. R. Pushpakumara

======================================================================
Secretary Appointment Processing Summary:
- Total appointments found:   1
- Successfully processed:     1 ✓
- Failed:                     0 ✗
======================================================================
Successfully processed all transactions
Processing secretary transactions from directory: /home/isuru/office-projects/v1/orgchart_nexoan/data/people/Secretary/Gotabaya Rajapaksa/2021-11-24/2255-19
Processing secretary appointments...
Found 1 secretary CSV files

Processing: 2255-19
  ✓ Created: State Minister of Provincial Councils and Local Government appoints W. M. M. B. Weerasekara

======================================================================
Secretary Appointment Processing Summary:
- Total appointments found:   1
- Successfully processed:     1 ✓
- Failed:                     0 ✗
======================================================================
Successfully processed all transactions
Processing secretary transactions from directory: /home/isuru/office-projects/v1/orgchart_nexoan/data/people/Secretary/Gotabaya Rajapaksa/2021-12-26/2259-06
Processing secretary appointments...
Found 1 secretary CSV files

Processing: 2259-06
  ✓ Created: State Minister of Livestock, Farm Promotion and Dairy and Egg Related Industries appoints R. M. W. S. Samaradivakara
  ✓ Created: State Minister of Aviation and Export Zones Development appoints S. J. S. Chandraguptha

======================================================================
Secretary Appointment Processing Summary:
- Total appointments found:   2
- Successfully processed:     2 ✓
- Failed:                     0 ✗
======================================================================
Successfully processed all transactions
Processing secretary transactions from directory: /home/isuru/office-projects/v1/orgchart_nexoan/data/people/Secretary/Gotabaya Rajapaksa/2022-01-05/2261-34
Processing secretary appointments...
Found 1 secretary CSV files

Processing: 2261-34
  ✓ Created: Minister of Irrigation appoints D. M. Anura Dissanayaka

======================================================================
Secretary Appointment Processing Summary:
- Total appointments found:   1
- Successfully processed:     1 ✓
- Failed:                     0 ✗
======================================================================
Successfully processed all transactions
Processing secretary transactions from directory: /home/isuru/office-projects/v1/orgchart_nexoan/data/people/Secretary/Gotabaya Rajapaksa/2022-01-10/2262-09
Processing secretary appointments...
Found 1 secretary CSV files

Processing: 2262-09
  ✓ Created: Minister of Mass Media appoints Anusha Palpita

======================================================================
Secretary Appointment Processing Summary:
- Total appointments found:   1
- Successfully processed:     1 ✓
- Failed:                     0 ✗
======================================================================
Successfully processed all transactions
Processing secretary transactions from directory: /home/isuru/office-projects/v1/orgchart_nexoan/data/people/Secretary/Gotabaya Rajapaksa/2022-01-31/2265-19
Processing secretary appointments...
Found 1 secretary CSV files

Processing: 2265-19
  ✓ Created: Minister of Mass Media appoints Anusha Palpita

======================================================================
Secretary Appointment Processing Summary:
- Total appointments found:   1
- Successfully processed:     1 ✓
- Failed:                     0 ✗
======================================================================
Successfully processed all transactions
Processing secretary transactions from directory: /home/isuru/office-projects/v1/orgchart_nexoan/data/people/Secretary/Gotabaya Rajapaksa/2022-04-26/2277-35
Processing secretary appointments...
Found 1 secretary CSV files

Processing: 2277-35
  ✓ Created: Minister of Finance appoints K. M. M. Siriwardana

======================================================================
Secretary Appointment Processing Summary:
- Total appointments found:   1
- Successfully processed:     1 ✓
- Failed:                     0 ✗
======================================================================
Successfully processed all transactions
Processing secretary transactions from directory: /home/isuru/office-projects/v1/orgchart_nexoan/data/people/Secretary/Gotabaya Rajapaksa/2022-05-07/2278-28
Processing secretary appointments...
Found 0 secretary CSV files

======================================================================
Secretary Appointment Processing Summary:
- Total appointments found:   0
- Successfully processed:     0 ✓
- Failed:                     0 ✗
======================================================================
Successfully processed all transactions
Processing secretary transactions from directory: /home/isuru/office-projects/v1/orgchart_nexoan/data/people/Secretary/Gotabaya Rajapaksa/2022-05-11/2279-17
Processing secretary appointments...
Found 1 secretary CSV files

Processing: 2279-17
  ✓ Created: Minister of Public Security appoints Jagath Alwis

======================================================================
Secretary Appointment Processing Summary:
- Total appointments found:   1
- Successfully processed:     1 ✓
- Failed:                     0 ✗
======================================================================
Successfully processed all transactions
[0;32m✓ Gotabaya Rajapaksa secretary appointments loaded[0m

[0;34m========================================[0m
[0;34mLoading Ranil Wickremesinghe Secretary Appointments[0m
[0;34m========================================[0m
Processing secretary transactions from directory: /home/isuru/office-projects/v1/orgchart_nexoan/data/people/Secretary/Ranil Wickremasinghe/2022-05-17/2280-24
Processing secretary appointments...
Found 1 secretary CSV files

Processing: 2280-24
  ✓ Created: Minister of Power and Energy appoints M. P. D. U. K. Mapa Pathirana

======================================================================
Secretary Appointment Processing Summary:
- Total appointments found:   1
- Successfully processed:     1 ✓
- Failed:                     0 ✗
======================================================================
Successfully processed all transactions
Processing secretary transactions from directory: /home/isuru/office-projects/v1/orgchart_nexoan/data/people/Secretary/Ranil Wickremasinghe/2022-05-30/2282-04
Processing secretary appointments...
Found 1 secretary CSV files

Processing: 2282-04
  ✓ Created: Minister of Foreign Affairs appoints Aruni Wijewardana
  ✓ Created: Minister of Transport and Highways appoints R.W.R. Pemasiri
  ✓ Created: Minister of Public Administration, Home Affairs, Provincial Councils and Local Government appoints M.M.P.K. Mayadunne
  ✓ Created: Minister of Ports, Shipping and Aviation appoints K.D.S. Ruwanchandra
  ✓ Created: Minister of Trade, Commerce and Food Security appoints S.T. Kodikara
  ✓ Created: Minister of Tourism and Lands appoints W.A. Chulananda Perera
  ✓ Created: Minister of Justice, Prisons Affairs and Constitutional Reforms appoints Wasantha Perera
  ✓ Created: Minister of Public Security appoints S. Hettiarachchi
  ✓ Created: Minister of Education appoints M.N. Ranasingha
  ✓ Created: Minister of Water Supply appoints Monti Ranatunga
  ✓ Created: Minister of Irrigation appoints U.D.C. Jayalal
  ✓ Created: Minister of Mass Media appoints Anusha Palpita
  ✓ Created: Minister of Agriculture appoints M.B.R. Pushpakumara
  ✓ Created: Minister of Buddhasasana, Religious and Cultural Affairs appoints Somarathna Vidanapathirana
  ✓ Created: Minister of Industries appoints Daya Rathnayake
  ✓ Created: Minister of Plantation Industries appoints B.L.A.J. Dharmakeerthi
  ✓ Created: Minister of Wildlife and Forest Resources Conservation appoints R.M.C.M. Herath
  ✓ Created: Minister of Health appoints S.J.S. Chandraguptha
  ✓ Created: Minister of Urban Development and Housing appoints P.H.C. Rathnayaka
  ✓ Created: Minister of Labour and Foreign Employment appoints R.P.A. Wimalaweera

======================================================================
Secretary Appointment Processing Summary:
- Total appointments found:   20
- Successfully processed:     20 ✓
- Failed:                     0 ✗
======================================================================
Successfully processed all transactions
Processing secretary transactions from directory: /home/isuru/office-projects/v1/orgchart_nexoan/data/people/Secretary/Ranil Wickremasinghe/2022-06-17/2284-54
Processing secretary appointments...
Found 1 secretary CSV files

Processing: 2284-54
  ✓ Created: Minister of Women, Child Affairs and Social Empowerment appoints H. K. D. W. M. N. B. Hapuhinna
  ✓ Created: Minister of Technology appoints Jayantha de Silva

======================================================================
Secretary Appointment Processing Summary:
- Total appointments found:   2
- Successfully processed:     2 ✓
- Failed:                     0 ✗
======================================================================
Successfully processed all transactions
Processing secretary transactions from directory: /home/isuru/office-projects/v1/orgchart_nexoan/data/people/Secretary/Ranil Wickremasinghe/2022-07-07/2287-35
Processing secretary appointments...
Found 1 secretary CSV files

Processing: 2287-35
  ✓ Created: Minister of Investment Promotion appoints Daya Ratnayake

======================================================================
Secretary Appointment Processing Summary:
- Total appointments found:   1
- Successfully processed:     1 ✓
- Failed:                     0 ✗
======================================================================
Successfully processed all transactions
Processing secretary transactions from directory: /home/isuru/office-projects/v1/orgchart_nexoan/data/people/Secretary/Ranil Wickremasinghe/2022-11-14/2306-03
Processing secretary appointments...
Found 1 secretary CSV files

Processing: 2306-03
  ✓ Created: Minister of Agriculture appoints Gunadasa Samarasingha

======================================================================
Secretary Appointment Processing Summary:
- Total appointments found:   1
- Successfully processed:     1 ✓
- Failed:                     0 ✗
======================================================================
Successfully processed all transactions
Processing secretary transactions from directory: /home/isuru/office-projects/v1/orgchart_nexoan/data/people/Secretary/Ranil Wickremasinghe/2022-11-25/2307-52
Processing secretary appointments...
Found 1 secretary CSV files

Processing: 2307-52
  ✓ Created: Minister of Urban Development and Housing appoints W. S. Sathyananda

======================================================================
Secretary Appointment Processing Summary:
- Total appointments found:   1
- Successfully processed:     1 ✓
- Failed:                     0 ✗
======================================================================
Successfully processed all transactions
Processing secretary transactions from directory: /home/isuru/office-projects/v1/orgchart_nexoan/data/people/Secretary/Ranil Wickremasinghe/2023-03-30/2325-43
Processing secretary appointments...
Found 1 secretary CSV files

Processing: 2325-43
  ✓ Created: Minister of Public Administration, Home Affairs, Provincial Councils and Local Government appoints K. D. N. Ranjith Asoka

======================================================================
Secretary Appointment Processing Summary:
- Total appointments found:   1
- Successfully processed:     1 ✓
- Failed:                     0 ✗
======================================================================
Successfully processed all transactions
Processing secretary transactions from directory: /home/isuru/office-projects/v1/orgchart_nexoan/data/people/Secretary/Ranil Wickremasinghe/2023-04-20/2328-07
Processing secretary appointments...
Found 1 secretary CSV files

Processing: 2328-07
  ✓ Created: Minister of Tourism and Lands appoints H. M. B. P. Herath

======================================================================
Secretary Appointment Processing Summary:
- Total appointments found:   1
- Successfully processed:     1 ✓
- Failed:                     0 ✗
======================================================================
Successfully processed all transactions
Processing secretary transactions from directory: /home/isuru/office-projects/v1/orgchart_nexoan/data/people/Secretary/Ranil Wickremasinghe/2023-11-02/2356-25
Processing secretary appointments...
Found 1 secretary CSV files

Processing: 2356-25
  ✓ Created: Minister of Agriculture and Plantation Industries appoints B. L. A. J. Dharmakeerthi

======================================================================
Secretary Appointment Processing Summary:
- Total appointments found:   1
- Successfully processed:     1 ✓
- Failed:                     0 ✗
======================================================================
Successfully processed all transactions
Processing secretary transactions from directory: /home/isuru/office-projects/v1/orgchart_nexoan/data/people/Secretary/Ranil Wickremasinghe/2023-11-23/2358-39
Processing secretary appointments...
Found 1 secretary CSV files

Processing: 2358-39
  ✓ Created: Minister of Power and Energy appoints M. P. D. U. K. Mapa Pathirana

======================================================================
Secretary Appointment Processing Summary:
- Total appointments found:   1
- Successfully processed:     1 ✓
- Failed:                     0 ✗
======================================================================
Successfully processed all transactions
Processing secretary transactions from directory: /home/isuru/office-projects/v1/orgchart_nexoan/data/people/Secretary/Ranil Wickremasinghe/2023-11-23/2359-38
Processing secretary appointments...
Found 1 secretary CSV files

Processing: 2359-38
  ✓ Created: Minister of Health appoints Palitha Gunarathna Mahipala

======================================================================
Secretary Appointment Processing Summary:
- Total appointments found:   1
- Successfully processed:     1 ✓
- Failed:                     0 ✗
======================================================================
Successfully processed all transactions
Processing secretary transactions from directory: /home/isuru/office-projects/v1/orgchart_nexoan/data/people/Secretary/Ranil Wickremasinghe/2023-12-08/2361-49
Processing secretary appointments...
Found 1 secretary CSV files

Processing: 2361-49
  ✓ Created: Minister of Transport and Highways appoints M.M.P.K. Mayadunne

======================================================================
Secretary Appointment Processing Summary:
- Total appointments found:   1
- Successfully processed:     1 ✓
- Failed:                     0 ✗
======================================================================
Successfully processed all transactions
Processing secretary transactions from directory: /home/isuru/office-projects/v1/orgchart_nexoan/data/people/Secretary/Ranil Wickremasinghe/2024-01-11/2366-30
Processing secretary appointments...
Found 1 secretary CSV files

Processing: 2366-30
  ✓ Created: Minister of Education appoints Wasantha Perera
  ✓ Created: Minister of Justice, Prisons Affairs and Constitutional Reforms appoints M.N. Ranasinghe
  ✓ Created: Minister of Wildlife and Forest Resources Conservation appoints Gunadasa Samarasinghe
  ✓ Created: Minister of Public Administration, Home Affairs, Provincial Councils and Local Government appoints W.P.P. Yasarathne
  ✓ Created: Minister of Irrigation appoints Saman Darshana Pandikorala
  ✓ Created: Minister of Water Supply and Estate Infrastructure Development appoints A.C.M. Nafeel
  ✓ Created: Minister of Fisheries appoints K.N.K. Somaratne
  ✓ Created: Minister of Environment appoints B.K.P. Chandrakeerthi
  ✓ Created: Minister of Power and Energy appoints J.G.L.S. Jayawardena
  ✓ Created: Minister of Technology appoints Dharmasri Kumaratunge
  ✓ Created: Minister of Transport and Highways appoints Ranjith Ganganath Rubasinghe

======================================================================
Secretary Appointment Processing Summary:
- Total appointments found:   11
- Successfully processed:     11 ✓
- Failed:                     0 ✗
======================================================================
Successfully processed all transactions
Processing secretary transactions from directory: /home/isuru/office-projects/v1/orgchart_nexoan/data/people/Secretary/Ranil Wickremasinghe/2024-04-10/2379-26
Processing secretary appointments...
Found 1 secretary CSV files

Processing: 2379-26
  ✓ Created: Minister of Education appoints J. M. T. Jayasundara

======================================================================
Secretary Appointment Processing Summary:
- Total appointments found:   1
- Successfully processed:     1 ✓
- Failed:                     0 ✗
======================================================================
Successfully processed all transactions
Processing secretary transactions from directory: /home/isuru/office-projects/v1/orgchart_nexoan/data/people/Secretary/Ranil Wickremasinghe/2024-04-10/2379-30
Processing secretary appointments...
Found 1 secretary CSV files

Processing: 2379-30
  ✓ Created: Minister of Industries appoints Shantha Weerasinghe

======================================================================
Secretary Appointment Processing Summary:
- Total appointments found:   1
- Successfully processed:     1 ✓
- Failed:                     0 ✗
======================================================================
Successfully processed all transactions
Processing secretary transactions from directory: /home/isuru/office-projects/v1/orgchart_nexoan/data/people/Secretary/Ranil Wickremasinghe/2024-05-03/2382-34
Processing secretary appointments...
Found 1 secretary CSV files

Processing: 2382-34
  ✓ Created: Minister of Finance, Economic Stabilization and National Policies appoints K.M.M. Siriwardana

======================================================================
Secretary Appointment Processing Summary:
- Total appointments found:   1
- Successfully processed:     1 ✓
- Failed:                     0 ✗
======================================================================
Successfully processed all transactions
Processing secretary transactions from directory: /home/isuru/office-projects/v1/orgchart_nexoan/data/people/Secretary/Ranil Wickremasinghe/2024-06-07/2387-48
Processing secretary appointments...
Found 1 secretary CSV files

Processing: 2387-48
  ✓ Created: Minister of Tourism and Lands appoints Somarathna Vidanapathirana

======================================================================
Secretary Appointment Processing Summary:
- Total appointments found:   1
- Successfully processed:     1 ✓
- Failed:                     0 ✗
======================================================================
Successfully processed all transactions
Processing secretary transactions from directory: /home/isuru/office-projects/v1/orgchart_nexoan/data/people/Secretary/Ranil Wickremasinghe/2024-06-07/2387-49
Processing secretary appointments...
Found 1 secretary CSV files

Processing: 2387-49
  ✓ Created: Minister of Buddhasasana, Religious and Cultural Affairs appoints H. M. B. P. Herath

======================================================================
Secretary Appointment Processing Summary:
- Total appointments found:   1
- Successfully processed:     1 ✓
- Failed:                     0 ✗
======================================================================
Successfully processed all transactions
Processing secretary transactions from directory: /home/isuru/office-projects/v1/orgchart_nexoan/data/people/Secretary/Ranil Wickremasinghe/2024-06-27/2390-17
Processing secretary appointments...
Found 1 secretary CSV files

Processing: 2390-17
  ✓ Created: Minister of Fisheries appoints M. P. N. M. Wickramasinghe

======================================================================
Secretary Appointment Processing Summary:
- Total appointments found:   1
- Successfully processed:     1 ✓
- Failed:                     0 ✗
======================================================================
Successfully processed all transactions
Processing secretary transactions from directory: /home/isuru/office-projects/v1/orgchart_nexoan/data/people/Secretary/Ranil Wickremasinghe/2024-08-29/2399-42
Processing secretary appointments...
Found 1 secretary CSV files

Processing: 2399-42
  ✓ Created: Minister of Tourism and Lands appoints Somarathna Vidanapathirana

======================================================================
Secretary Appointment Processing Summary:
- Total appointments found:   1
- Successfully processed:     1 ✓
- Failed:                     0 ✗
======================================================================
Successfully processed all transactions
[0;32m✓ Ranil Wickremesinghe secretary appointments loaded[0m

[0;34m========================================[0m
[0;34mLoading Anura Kumara Dissanayake Secretary Appointments[0m
[0;34m========================================[0m
Processing secretary transactions from directory: /home/isuru/office-projects/v1/orgchart_nexoan/data/people/Secretary/AKD/2024-09-24/2403-12
Processing secretary appointments...
Found 1 secretary CSV files

Processing: 2403-12
  ✓ Created: Minister of Defence appoints H. S. S. Thuyacontha
  ✓ Created: Minister of Public Security appoints D. W. R. B. Seneviratne

======================================================================
Secretary Appointment Processing Summary:
- Total appointments found:   2
- Successfully processed:     2 ✓
- Failed:                     0 ✗
======================================================================
Successfully processed all transactions
Processing secretary transactions from directory: /home/isuru/office-projects/v1/orgchart_nexoan/data/people/Secretary/AKD/2024-09-27/2403-51
Processing secretary appointments...
Found 1 secretary CSV files

Processing: 2403-51
  ✓ Created: Minister of Transport and Highways appoints Ranjith Ganganath Rubasinghe
  ✓ Created: Minister of Finance, Economic Development, Policy Formulation, Planning and Tourism appoints K.M.M. Siriwardana
  ✓ Created: Minister of Higher Education, Technology and Innovation appoints D. M. A. R. B. Dissanayake
  ✓ Created: Minister of Women, Child Affairs and Social Empowerment appoints H. K. D. W. M. N. B. Hapuhinna
  ✓ Created: Minister of Trade, Commerce and Food Security appoints S.T. Kodikara
  ✓ Created: Minister of Urban Development and Housing appoints P.H.C. Rathnayaka
  ✓ Created: Minister of Health appoints S.J.S. Chandraguptha
  ✓ Created: Minister of Wildlife and Forest Resources Conservation appoints Gunadasa Samarasinghe
  ✓ Created: Minister of Fisheries appoints M.P.N.M. Wickramasinghe
  ✓ Created: Minister of Buddhasasana, Religious and Cultural Affairs appoints Somarathna Vidanapathirana
  ✓ Created: Minister of Energy appoints M. P. D. U. K. Mapa Pathirana

======================================================================
Secretary Appointment Processing Summary:
- Total appointments found:   11
- Successfully processed:     11 ✓
- Failed:                     0 ✗
======================================================================
Successfully processed all transactions
Processing secretary transactions from directory: /home/isuru/office-projects/v1/orgchart_nexoan/data/people/Secretary/AKD/2024-10-08/2405-14
Processing secretary appointments...
Found 1 secretary CSV files

Processing: 2405-14
  ✓ Created: Minister of Justice, Public Administration, Home Affairs, Provincial Councils, Local Government and Labour appoints S. Alokabandara

======================================================================
Secretary Appointment Processing Summary:
- Total appointments found:   1
- Successfully processed:     1 ✓
- Failed:                     0 ✗
======================================================================
Successfully processed all transactions
Processing secretary transactions from directory: /home/isuru/office-projects/v1/orgchart_nexoan/data/people/Secretary/AKD/2024-12-03/2413-25
Processing secretary appointments...
Found 1 secretary CSV files

Processing: 2413-25
  ✓ Created: Minister of Transport, Highways, Ports and Civil Aviation appoints Kapila C.K.Perera
  ✓ Created: Minister of Finance, Planning and Economic Development appoints K.M.M. Siriwardana
  ✓ Created: Minister of Industry and Entrepreneurship Development appoints J.M.Thilaka Jayasundara
  ✓ Created: Minister of Buddhasasana, Religious and Cultural Affairs appoints A.M.P.M.B. Atapattu
  ✓ Created: Minister of Plantation and Community Infrastructure appoints B.K. Prabath Chandrakeerthi
  ✓ Created: Minister of Public Security and Parliamentary Affairs appoints D.W.R.B. Seneviratne
  ✓ Created: Minister of Urban Development, Construction and Housing appoints U.G. Ranjith Ariyaratne
  ✓ Created: Minister of Public Administration, Provincial Councils and Local Government appoints S. Alokabandara
  ✓ Created: Minister of Foreign Affairs, Foreign Employment and Tourism appoints Aruni Ranaraja
  ✓ Created: Minister of Labour appoints S.M. Piyatissa
  ✓ Created: Minister of Agriculture, Livestock, Land and Irrigation appoints D.P. Wickramasinghe
  ✓ Created: Minister of Education, Higher Education and Vocational Education appoints K.M.G.S.Nalaka Kaluwewa
  ✓ Created: Minister of Youth Affairs and Sports appoints A.H.M.U. Aruna Bandara
  ✓ Created: Minister of Trade, Commerce, Food Security and Cooperative Development appoints K.A. Vimalenthirarajah
  ✓ Created: Minister of Rural Development, Social Security and Community Empowerment appoints Malarmathy Gangatharan
  ✓ Created: Minister of Justice and National Integration appoints A.B. Ayesha Jinasena, PC
  ✓ Created: Minister of Environment appoints K.R. Uduwawala
  ✓ Created: Minister of Science and Technology appoints Y.L. Mohamed Navavi

======================================================================
Secretary Appointment Processing Summary:
- Total appointments found:   18
- Successfully processed:     18 ✓
- Failed:                     0 ✗
======================================================================
Successfully processed all transactions
Processing secretary transactions from directory: /home/isuru/office-projects/v1/orgchart_nexoan/data/people/Secretary/AKD/2024-12-13/2414-52
Processing secretary appointments...
Found 1 secretary CSV files

Processing: 2414-52
  ✓ Created: Minister of Transport, Highways, Ports and Civil Aviation appoints Kapila C.K.Perera
  ✓ Created: Minister of Health and Mass Media appoints Anil Jasinghe
  ✓ Created: Minister of Fisheries, Aquatic and Ocean Resources appoints M.A.L.S.N.K. Manthrinayake

======================================================================
Secretary Appointment Processing Summary:
- Total appointments found:   3
- Successfully processed:     3 ✓
- Failed:                     0 ✗
======================================================================
Successfully processed all transactions
[0;32m✓ Anura Kumara Dissanayake secretary appointments loaded[0m

[0;34m========================================[0m
[0;34mSecretary Appointment Loading Complete[0m
[0;34m========================================[0m
[0;32mAll secretary appointments have been processed![0m

To verify the secretary appointments in the database, run:
docker exec neo4j cypher-shell -u neo4j -p neo4j123
MATCH (m:Organisation)-[:SECRETARY_APPOINTED]->(s:Person) RETURN count(*) as SecretaryAppointments

